app/build/intermediates/manifest_merge_blame_file/debug/processDebugMainManifest/manifest-merger-blame-debug-report.txt
1<?xml version="1.0" encoding="utf-8"?>
2<manifest xmlns:android="http://schemas.android.com/apk/res/android"
3    package="com.mice.nebulamcp.debug"
4    android:versionCode="11"
5    android:versionName="0.5.0" >
6
7    <uses-sdk
8        android:minSdkVersion="26"
9        android:targetSdkVersion="34" />
10
11    <!-- ========== 网络权限 ========== -->
12    <uses-permission android:name="android.permission.INTERNET" />
12-->src/main/AndroidManifest.xml:6:5-67
12-->src/main/AndroidManifest.xml:6:22-64
13    <!-- 网页摄像头/扫码/视频会议所需的运行时权限 -->
14    <uses-permission android:name="android.permission.CAMERA" />
14-->src/main/AndroidManifest.xml:8:5-65
14-->src/main/AndroidManifest.xml:8:22-62
15    <uses-permission android:name="android.permission.RECORD_AUDIO" />
15-->src/main/AndroidManifest.xml:9:5-71
15-->src/main/AndroidManifest.xml:9:22-68
16    <uses-permission android:name="android.permission.ACCESS_NETWORK_STATE" />
16-->src/main/AndroidManifest.xml:10:5-79
16-->src/main/AndroidManifest.xml:10:22-76
17    <uses-permission android:name="android.permission.ACCESS_WIFI_STATE" />
17-->src/main/AndroidManifest.xml:11:5-76
17-->src/main/AndroidManifest.xml:11:22-73
18
19    <!-- ========== 存储权限 ========== -->
20    <!-- Android 9 及以下写入外部存储 -->
21    <uses-permission
21-->src/main/AndroidManifest.xml:15:5-17:38
22        android:name="android.permission.WRITE_EXTERNAL_STORAGE"
22-->src/main/AndroidManifest.xml:16:9-65
23        android:maxSdkVersion="28" />
23-->src/main/AndroidManifest.xml:17:9-35
24    <!-- Android 12 及以下读取外部存储 -->
25    <uses-permission
25-->src/main/AndroidManifest.xml:19:5-21:38
26        android:name="android.permission.READ_EXTERNAL_STORAGE"
26-->src/main/AndroidManifest.xml:20:9-64
27        android:maxSdkVersion="32" />
27-->src/main/AndroidManifest.xml:21:9-35
28    <!-- Android 11+ 管理所有文件（用于下载管理） -->
29    <uses-permission android:name="android.permission.MANAGE_EXTERNAL_STORAGE" />
29-->src/main/AndroidManifest.xml:23:5-25:40
29-->src/main/AndroidManifest.xml:24:9-66
30
31    <!-- ========== 前台服务权限 ========== -->
32    <uses-permission android:name="android.permission.FOREGROUND_SERVICE" />
32-->src/main/AndroidManifest.xml:28:5-77
32-->src/main/AndroidManifest.xml:28:22-74
33    <uses-permission android:name="android.permission.FOREGROUND_SERVICE_SPECIAL_USE" />
33-->src/main/AndroidManifest.xml:29:5-31:32
33-->src/main/AndroidManifest.xml:30:9-73
34
35    <!-- ========== 通知权限 ========== -->
36    <uses-permission android:name="android.permission.POST_NOTIFICATIONS" />
36-->src/main/AndroidManifest.xml:34:5-77
36-->src/main/AndroidManifest.xml:34:22-74
37
38    <!-- ========== 下载相关 ========== -->
39    <uses-permission android:name="android.permission.REQUEST_INSTALL_PACKAGES" />
39-->src/main/AndroidManifest.xml:37:5-83
39-->src/main/AndroidManifest.xml:37:22-80
40
41    <!-- ========== 默认浏览器相关 ========== -->
42    <uses-permission android:name="android.permission.QUERY_ALL_PACKAGES" />
42-->src/main/AndroidManifest.xml:40:5-41:53
42-->src/main/AndroidManifest.xml:40:22-74
43
44    <permission
44-->[androidx.core:core:1.13.1] AndroidManifest.xml:22:5-24:47
45        android:name="com.mice.nebulamcp.debug.DYNAMIC_RECEIVER_NOT_EXPORTED_PERMISSION"
45-->[androidx.core:core:1.13.1] AndroidManifest.xml:23:9-81
46        android:protectionLevel="signature" />
46-->[androidx.core:core:1.13.1] AndroidManifest.xml:24:9-44
47
48    <uses-permission android:name="com.mice.nebulamcp.debug.DYNAMIC_RECEIVER_NOT_EXPORTED_PERMISSION" />
48-->[androidx.core:core:1.13.1] AndroidManifest.xml:26:5-97
48-->[androidx.core:core:1.13.1] AndroidManifest.xml:26:22-94
49
50    <application
50-->src/main/AndroidManifest.xml:43:5-109:19
51        android:name="com.mice.nebulamcp.NebulaApp"
51-->src/main/AndroidManifest.xml:44:9-34
52        android:allowBackup="true"
52-->src/main/AndroidManifest.xml:45:9-35
53        android:appComponentFactory="androidx.core.app.CoreComponentFactory"
53-->[androidx.core:core:1.13.1] AndroidManifest.xml:28:18-86
54        android:debuggable="true"
55        android:extractNativeLibs="false"
56        android:icon="@mipmap/ic_launcher"
56-->src/main/AndroidManifest.xml:46:9-43
57        android:label="@string/app_name"
57-->src/main/AndroidManifest.xml:48:9-41
58        android:networkSecurityConfig="@xml/network_security_config"
58-->src/main/AndroidManifest.xml:49:9-69
59        android:requestLegacyExternalStorage="true"
59-->src/main/AndroidManifest.xml:52:9-52
60        android:roundIcon="@mipmap/ic_launcher_round"
60-->src/main/AndroidManifest.xml:47:9-54
61        android:theme="@style/Theme.NebulaMCP"
61-->src/main/AndroidManifest.xml:50:9-47
62        android:usesCleartextTraffic="true" >
62-->src/main/AndroidManifest.xml:51:9-44
63        <activity
63-->src/main/AndroidManifest.xml:54:9-58:116
64            android:name="com.mice.nebulamcp.VideoPlayerActivity"
64-->src/main/AndroidManifest.xml:55:13-48
65            android:configChanges="orientation|screenSize|screenLayout|smallestScreenSize|keyboardHidden|uiMode"
65-->src/main/AndroidManifest.xml:58:13-113
66            android:exported="false"
66-->src/main/AndroidManifest.xml:56:13-37
67            android:screenOrientation="unspecified" />
67-->src/main/AndroidManifest.xml:57:13-52
68        <activity
68-->src/main/AndroidManifest.xml:60:9-92:20
69            android:name="com.mice.nebulamcp.MainActivity"
69-->src/main/AndroidManifest.xml:61:13-41
70            android:configChanges="orientation|screenSize|screenLayout|smallestScreenSize|keyboardHidden|uiMode"
70-->src/main/AndroidManifest.xml:65:13-113
71            android:exported="true"
71-->src/main/AndroidManifest.xml:62:13-36
72            android:launchMode="singleTask"
72-->src/main/AndroidManifest.xml:63:13-44
73            android:supportsPictureInPicture="true"
73-->src/main/AndroidManifest.xml:66:13-52
74            android:windowSoftInputMode="adjustResize" >
74-->src/main/AndroidManifest.xml:64:13-55
75
76            <!-- 启动入口 -->
77            <intent-filter>
77-->src/main/AndroidManifest.xml:69:13-72:29
78                <action android:name="android.intent.action.MAIN" />
78-->src/main/AndroidManifest.xml:70:17-69
78-->src/main/AndroidManifest.xml:70:25-66
79
80                <category android:name="android.intent.category.LAUNCHER" />
80-->src/main/AndroidManifest.xml:71:17-77
80-->src/main/AndroidManifest.xml:71:27-74
81            </intent-filter>
82
83            <!-- 默认浏览器：打开 http/https 链接 -->
84            <intent-filter>
84-->src/main/AndroidManifest.xml:75:13-81:29
85                <action android:name="android.intent.action.VIEW" />
85-->src/main/AndroidManifest.xml:76:17-69
85-->src/main/AndroidManifest.xml:76:25-66
86
87                <category android:name="android.intent.category.DEFAULT" />
87-->src/main/AndroidManifest.xml:77:17-76
87-->src/main/AndroidManifest.xml:77:27-73
88                <category android:name="android.intent.category.BROWSABLE" />
88-->src/main/AndroidManifest.xml:78:17-78
88-->src/main/AndroidManifest.xml:78:27-75
89
90                <data android:scheme="http" />
90-->src/main/AndroidManifest.xml:79:17-47
90-->src/main/AndroidManifest.xml:79:23-44
91                <data android:scheme="https" />
91-->src/main/AndroidManifest.xml:79:17-47
91-->src/main/AndroidManifest.xml:79:23-44
92            </intent-filter>
93
94            <!-- 打开文本/HTML 文件 -->
95            <intent-filter>
95-->src/main/AndroidManifest.xml:84:13-90:29
96                <action android:name="android.intent.action.VIEW" />
96-->src/main/AndroidManifest.xml:76:17-69
96-->src/main/AndroidManifest.xml:76:25-66
97
98                <category android:name="android.intent.category.DEFAULT" />
98-->src/main/AndroidManifest.xml:77:17-76
98-->src/main/AndroidManifest.xml:77:27-73
99                <category android:name="android.intent.category.BROWSABLE" />
99-->src/main/AndroidManifest.xml:78:17-78
99-->src/main/AndroidManifest.xml:78:27-75
100
101                <data android:mimeType="text/html" />
101-->src/main/AndroidManifest.xml:79:17-47
101-->src/main/AndroidManifest.xml:88:23-51
102                <data android:mimeType="text/plain" />
102-->src/main/AndroidManifest.xml:79:17-47
102-->src/main/AndroidManifest.xml:88:23-51
103            </intent-filter>
104        </activity>
105
106        <provider
107            android:name="androidx.core.content.FileProvider"
107-->src/main/AndroidManifest.xml:95:13-62
108            android:authorities="com.mice.nebulamcp.debug.fileprovider"
108-->src/main/AndroidManifest.xml:96:13-64
109            android:exported="false"
109-->src/main/AndroidManifest.xml:97:13-37
110            android:grantUriPermissions="true" >
110-->src/main/AndroidManifest.xml:98:13-47
111            <meta-data
111-->src/main/AndroidManifest.xml:99:13-101:54
112                android:name="android.support.FILE_PROVIDER_PATHS"
112-->src/main/AndroidManifest.xml:100:17-67
113                android:resource="@xml/file_paths" />
113-->src/main/AndroidManifest.xml:101:17-51
114        </provider>
115
116        <service
116-->src/main/AndroidManifest.xml:104:9-107:58
117            android:name="com.mice.nebulamcp.McpForegroundService"
117-->src/main/AndroidManifest.xml:105:13-49
118            android:exported="false"
118-->src/main/AndroidManifest.xml:106:13-37
119            android:foregroundServiceType="specialUse" />
119-->src/main/AndroidManifest.xml:107:13-55
120
121        <provider
121-->[androidx.emoji2:emoji2:1.3.0] AndroidManifest.xml:24:9-32:20
122            android:name="androidx.startup.InitializationProvider"
122-->[androidx.emoji2:emoji2:1.3.0] AndroidManifest.xml:25:13-67
123            android:authorities="com.mice.nebulamcp.debug.androidx-startup"
123-->[androidx.emoji2:emoji2:1.3.0] AndroidManifest.xml:26:13-68
124            android:exported="false" >
124-->[androidx.emoji2:emoji2:1.3.0] AndroidManifest.xml:27:13-37
125            <meta-data
125-->[androidx.emoji2:emoji2:1.3.0] AndroidManifest.xml:29:13-31:52
126                android:name="androidx.emoji2.text.EmojiCompatInitializer"
126-->[androidx.emoji2:emoji2:1.3.0] AndroidManifest.xml:30:17-75
127                android:value="androidx.startup" />
127-->[androidx.emoji2:emoji2:1.3.0] AndroidManifest.xml:31:17-49
128            <meta-data
128-->[androidx.lifecycle:lifecycle-process:2.6.2] AndroidManifest.xml:29:13-31:52
129                android:name="androidx.lifecycle.ProcessLifecycleInitializer"
129-->[androidx.lifecycle:lifecycle-process:2.6.2] AndroidManifest.xml:30:17-78
130                android:value="androidx.startup" />
130-->[androidx.lifecycle:lifecycle-process:2.6.2] AndroidManifest.xml:31:17-49
131            <meta-data
131-->[androidx.profileinstaller:profileinstaller:1.3.1] AndroidManifest.xml:29:13-31:52
132                android:name="androidx.profileinstaller.ProfileInstallerInitializer"
132-->[androidx.profileinstaller:profileinstaller:1.3.1] AndroidManifest.xml:30:17-85
133                android:value="androidx.startup" />
133-->[androidx.profileinstaller:profileinstaller:1.3.1] AndroidManifest.xml:31:17-49
134        </provider>
135
136        <receiver
136-->[androidx.profileinstaller:profileinstaller:1.3.1] AndroidManifest.xml:34:9-52:20
137            android:name="androidx.profileinstaller.ProfileInstallReceiver"
137-->[androidx.profileinstaller:profileinstaller:1.3.1] AndroidManifest.xml:35:13-76
138            android:directBootAware="false"
138-->[androidx.profileinstaller:profileinstaller:1.3.1] AndroidManifest.xml:36:13-44
139            android:enabled="true"
139-->[androidx.profileinstaller:profileinstaller:1.3.1] AndroidManifest.xml:37:13-35
140            android:exported="true"
140-->[androidx.profileinstaller:profileinstaller:1.3.1] AndroidManifest.xml:38:13-36
141            android:permission="android.permission.DUMP" >
141-->[androidx.profileinstaller:profileinstaller:1.3.1] AndroidManifest.xml:39:13-57
142            <intent-filter>
142-->[androidx.profileinstaller:profileinstaller:1.3.1] AndroidManifest.xml:40:13-42:29
143                <action android:name="androidx.profileinstaller.action.INSTALL_PROFILE" />
143-->[androidx.profileinstaller:profileinstaller:1.3.1] AndroidManifest.xml:41:17-91
143-->[androidx.profileinstaller:profileinstaller:1.3.1] AndroidManifest.xml:41:25-88
144            </intent-filter>
145            <intent-filter>
145-->[androidx.profileinstaller:profileinstaller:1.3.1] AndroidManifest.xml:43:13-45:29
146                <action android:name="androidx.profileinstaller.action.SKIP_FILE" />
146-->[androidx.profileinstaller:profileinstaller:1.3.1] AndroidManifest.xml:44:17-85
146-->[androidx.profileinstaller:profileinstaller:1.3.1] AndroidManifest.xml:44:25-82
147            </intent-filter>
148            <intent-filter>
148-->[androidx.profileinstaller:profileinstaller:1.3.1] AndroidManifest.xml:46:13-48:29
149                <action android:name="androidx.profileinstaller.action.SAVE_PROFILE" />
149-->[androidx.profileinstaller:profileinstaller:1.3.1] AndroidManifest.xml:47:17-88
149-->[androidx.profileinstaller:profileinstaller:1.3.1] AndroidManifest.xml:47:25-85
150            </intent-filter>
151            <intent-filter>
151-->[androidx.profileinstaller:profileinstaller:1.3.1] AndroidManifest.xml:49:13-51:29
152                <action android:name="androidx.profileinstaller.action.BENCHMARK_OPERATION" />
152-->[androidx.profileinstaller:profileinstaller:1.3.1] AndroidManifest.xml:50:17-95
152-->[androidx.profileinstaller:profileinstaller:1.3.1] AndroidManifest.xml:50:25-92
153            </intent-filter>
154        </receiver>
155    </application>
156
157</manifest>